<?xml version="1.0" encoding="UTF-8"?>
<!-- Generated by org.testng.reporters.JUnitXMLReporter -->
<testsuite ignored="0" hostname="DESKTOP-1P5CU94" failures="0" tests="5" name="Account" time="26.546" errors="0" timestamp="2024-07-28T10:04:16 IST">
  <testcase classname="com.training.testcase.AccountTest" name="verifycreateaccount" time="5.004"/>
  <testcase classname="com.training.testcase.AccountTest" name="verifycreatenewview" time="2.867"/>
  <testcase classname="com.training.testcase.AccountTest" name="verifyeditnewview" time="4.559"/>
  <testcase classname="com.training.testcase.AccountTest" name="verifylastactivity" time="4.533"/>
  <testcase classname="com.training.testcase.AccountTest" name="verifymergeaccount" time="6.283"/>
</testsuite> <!-- Account -->
