<?xml version="1.0" encoding="UTF-8"?>
<!-- Generated by org.testng.reporters.JUnitXMLReporter -->
<testsuite ignored="0" hostname="DESKTOP-1P5CU94" failures="0" tests="8" name="Contact" time="78.114" errors="0" timestamp="2024-07-29T04:02:26 IST">
  <testcase classname="com.training.testcase.ContactTest" name="verifycancelbutton" time="7.164"/>
  <testcase classname="com.training.testcase.ContactTest" name="verifycreatenewcontact" time="9.126"/>
  <testcase classname="com.training.testcase.ContactTest" name="verifycreatenewview" time="6.771"/>
  <testcase classname="com.training.testcase.ContactTest" name="verifyerrorcreatingview" time="7.05"/>
  <testcase classname="com.training.testcase.ContactTest" name="verifymycontactview" time="7.933"/>
  <testcase classname="com.training.testcase.ContactTest" name="verifyrecentlycreatedcontact" time="5.885"/>
  <testcase classname="com.training.testcase.ContactTest" name="verifysaveandnewbutton" time="6.93"/>
  <testcase classname="com.training.testcase.ContactTest" name="verifyviewacontact" time="5.943"/>
</testsuite> <!-- Contact -->
