<?xml version="1.0" encoding="UTF-8"?>
<!-- Generated by org.testng.reporters.JUnitXMLReporter -->
<testsuite ignored="0" hostname="DESKTOP-1P5CU94" failures="0" tests="5" name="Leads" time="34.794" errors="0" timestamp="2024-07-28T23:48:22 IST">
  <testcase classname="com.training.testcase.LeadsTest" name="verifydefaultview" time="9.15"/>
  <testcase classname="com.training.testcase.LeadsTest" name="verifyleadspagenewleads" time="4.63"/>
  <testcase classname="com.training.testcase.LeadsTest" name="verifyleadstab" time="2.633"/>
  <testcase classname="com.training.testcase.LeadsTest" name="verifytodaysleadsfromdropdown" time="3.756"/>
  <testcase classname="com.training.testcase.LeadsTest" name="verifyvaluesofusermenu" time="2.8"/>
</testsuite> <!-- Leads -->
