<?xml version="1.0" encoding="UTF-8"?>
<!-- Generated by org.testng.reporters.JUnitXMLReporter -->
<testsuite ignored="0" hostname="DESKTOP-1P5CU94" failures="0" tests="4" name="Login" time="23.491" errors="0" timestamp="2024-07-27T09:31:57 IST">
  <testcase classname="com.training.testcase.UsermenuTest" name="verifydeveloperconsolefromdropdown" time="2.607"/>
  <testcase classname="com.training.testcase.UsermenuTest" name="verifylogout" time="3.047"/>
  <testcase classname="com.training.testcase.UsermenuTest" name="verifymysettings" time="5.64"/>
  <testcase classname="com.training.testcase.UsermenuTest" name="verifyusermenudropdown" time="2.754"/>
</testsuite> <!-- Login -->
