<?xml version="1.0" encoding="UTF-8"?>
<!-- Generated by org.testng.reporters.JUnitXMLReporter -->
<testsuite ignored="0" hostname="DESKTOP-1P5CU94" failures="0" tests="5" name="Opportunities" time="35.299" errors="0" timestamp="2024-07-28T23:44:33 IST">
  <testcase classname="com.training.testcase.LeadsTest" name="verifydefaultview" time="7.501"/>
  <testcase classname="com.training.testcase.LeadsTest" name="verifyleadspagenewleads" time="5.027"/>
  <testcase classname="com.training.testcase.LeadsTest" name="verifyleadstab" time="4.157"/>
  <testcase classname="com.training.testcase.LeadsTest" name="verifytodaysleadsfromdropdown" time="3.18"/>
  <testcase classname="com.training.testcase.LeadsTest" name="verifyvaluesofusermenu" time="3.122"/>
</testsuite> <!-- Opportunities -->
