<?xml version="1.0" encoding="UTF-8"?>
<!-- Generated by org.testng.reporters.JUnitXMLReporter -->
<testsuite ignored="0" hostname="DESKTOP-1P5CU94" failures="0" tests="35" name="Random" time="206.291" errors="0" timestamp="2024-07-29T05:49:48 IST">
  <testcase classname="com.training.testcase.LoginTest" name="Testforgetpassword" time="0.604"/>
  <testcase classname="com.training.testcase.LoginTest" name="validateloginerror" time="1.042"/>
  <testcase classname="com.training.testcase.LoginTest" name="verifyLoginError" time="1.91"/>
  <testcase classname="com.training.testcase.LoginTest" name="verifylogintosaleforce" time="2.23"/>
  <testcase classname="com.training.testcase.LoginTest" name="verifyrememberuser" time="3.192"/>
  <testcase classname="com.training.testcase.UsermenuTest" name="verifydeveloperconsolefromdropdown" time="3.166"/>
  <testcase classname="com.training.testcase.UsermenuTest" name="verifylogout" time="2.79"/>
  <testcase classname="com.training.testcase.UsermenuTest" name="verifymysettings" time="6.175"/>
  <testcase classname="com.training.testcase.UsermenuTest" name="verifyusermenudropdown" time="2.857"/>
  <testcase classname="com.training.testcase.AccountTest" name="verifycreateaccount" time="5.369"/>
  <testcase classname="com.training.testcase.AccountTest" name="verifycreatenewview" time="3.911"/>
  <testcase classname="com.training.testcase.AccountTest" name="verifyeditnewview" time="4.197"/>
  <testcase classname="com.training.testcase.AccountTest" name="verifylastactivity" time="4.246"/>
  <testcase classname="com.training.testcase.AccountTest" name="verifymergeaccount" time="6.263"/>
  <testcase classname="com.training.testcase.OpptyTest" name="verifycreatenewopportunities" time="4.13"/>
  <testcase classname="com.training.testcase.OpptyTest" name="verifyopportunitiespipelinereport" time="6.026"/>
  <testcase classname="com.training.testcase.OpptyTest" name="verifyopportunitiestab" time="4.132"/>
  <testcase classname="com.training.testcase.OpptyTest" name="verifyquarterlysummaryreport" time="3.588"/>
  <testcase classname="com.training.testcase.OpptyTest" name="verifystuckopportunities" time="6.735"/>
  <testcase classname="com.training.testcase.LeadsTest" name="verifydefaultview" time="7.21"/>
  <testcase classname="com.training.testcase.LeadsTest" name="verifyleadspagenewleads" time="4.344"/>
  <testcase classname="com.training.testcase.LeadsTest" name="verifyleadstab" time="2.853"/>
  <testcase classname="com.training.testcase.LeadsTest" name="verifytodaysleadsfromdropdown" time="3.836"/>
  <testcase classname="com.training.testcase.LeadsTest" name="verifyvaluesofusermenu" time="3.103"/>
  <testcase classname="com.training.testcase.ContactTest" name="verifycancelbutton" time="3.954"/>
  <testcase classname="com.training.testcase.ContactTest" name="verifycreatenewcontact" time="3.022"/>
  <testcase classname="com.training.testcase.ContactTest" name="verifycreatenewview" time="3.857"/>
  <testcase classname="com.training.testcase.ContactTest" name="verifyerrorcreatingview" time="3.403"/>
  <testcase classname="com.training.testcase.ContactTest" name="verifymycontactview" time="2.902"/>
  <testcase classname="com.training.testcase.ContactTest" name="verifyrecentlycreatedcontact" time="4.261"/>
  <testcase classname="com.training.testcase.ContactTest" name="verifysaveandnewbutton" time="3.761"/>
  <testcase classname="com.training.testcase.ContactTest" name="verifyviewacontact" time="3.885"/>
  <testcase classname="com.training.testcase.RandomTest" name="verifyfirstandlastname" time="4.255"/>
  <testcase classname="com.training.testcase.RandomTest" name="verifyremovetab" time="6.376"/>
  <testcase classname="com.training.testcase.RandomTest" name="verifyupdatedlastname" time="4.702"/>
</testsuite> <!-- Random -->
