<?xml version="1.0" encoding="UTF-8"?>
<!-- Generated by org.testng.reporters.JUnitXMLReporter -->
<testsuite ignored="1" hostname="DESKTOP-1P5CU94" failures="0" tests="4" name="Salesforce" time="34.398" errors="0" timestamp="2024-09-20T12:32:43 GMT-05:00">
  <testcase classname="com.training.testcase.LoginTest" name="verifyLoginError" time="3.583"/>
  <testcase classname="com.training.testcase.LoginTest" name="verifylogintosaleforce" time="7.987"/>
  <testcase classname="com.training.testcase.LoginTest" name="verifyrememberuser" time="7.983"/>
  <testcase classname="com.training.testcase.LoginTest" name="validateloginerror" time="2.286"/>
  <testcase classname="com.training.testcase.LoginTest" name="Testforgetpassword" time="0.0">
    <ignored/>
  </testcase> <!-- Testforgetpassword -->
</testsuite> <!-- Salesforce -->
