<?xml version="1.0" encoding="UTF-8"?>
<!-- Generated by org.testng.reporters.JUnitXMLReporter -->
<testsuite ignored="0" hostname="DESKTOP-1P5CU94" failures="1" tests="5" name="Salesforce" time="29.253" errors="0" timestamp="2024-09-16T10:53:38 GMT-05:00">
  <testcase classname="com.training.testcase.LoginTest" name="Testforgetpassword" time="0.932"/>
  <testcase classname="com.training.testcase.LoginTest" name="validateloginerror" time="1.577"/>
  <testcase classname="com.training.testcase.LoginTest" name="verifyLoginError" time="2.054">
    <failure type="java.lang.AssertionError" message="expected [Please enter your passwords.] but found [Please enter your password.]">
      <![CDATA[java.lang.AssertionError: expected [Please enter your passwords.] but found [Please enter your password.]
at com.training.pages.LoginPage.error(LoginPage.java:85)
at com.training.testcase.LoginTest.verifyLoginError(LoginTest.java:37)
at java.base/java.util.ArrayList.forEach(ArrayList.java:1511)
... Removed 33 stack frames]]>
    </failure>
  </testcase> <!-- verifyLoginError -->
  <testcase classname="com.training.testcase.LoginTest" name="verifylogintosaleforce" time="3.711"/>
  <testcase classname="com.training.testcase.LoginTest" name="verifyrememberuser" time="6.876"/>
</testsuite> <!-- Salesforce -->
