<?xml version="1.0" encoding="UTF-8"?>
<!-- Generated by org.testng.reporters.JUnitXMLReporter -->
<testsuite ignored="0" hostname="DESKTOP-1P5CU94" failures="1" tests="1" name="Usermenu" time="1.48" errors="0" timestamp="2024-07-28T07:21:50 IST">
  <testcase classname="com.training.testcase.AccountTest" name="verifycreateaccount" time="0.007">
    <failure type="java.lang.NullPointerException" message="Cannot invoke &amp;quot;com.training.pages.LoginPage.enterusername(String)&amp;quot; because &amp;quot;this.loginpage&amp;quot; is null">
      <![CDATA[java.lang.NullPointerException: Cannot invoke "com.training.pages.LoginPage.enterusername(String)" because "this.loginpage" is null
at com.training.testcase.AccountTest.verifycreateaccount(AccountTest.java:33)
at java.base/java.util.ArrayList.forEach(ArrayList.java:1511)
... Removed 27 stack frames]]>
    </failure>
  </testcase> <!-- verifycreateaccount -->
</testsuite> <!-- Usermenu -->
