<?xml version="1.0" encoding="UTF-8"?>
<testsuite xmlns:xsi="http://www.w3.org/2001/XMLSchema-instance" xsi:schemaLocation="https://maven.apache.org/surefire/maven-surefire-plugin/xsd/surefire-test-report.xsd" name="TestSuite" time="29.54" tests="4" errors="0" skipped="0" failures="0">
  <properties>
[...]
</properties>
  <testcase name="verifyLoginError" classname="com.training.testcase.LoginTest" time="1.884"/>
  <testcase name="verifylogintosaleforce" classname="com.training.testcase.LoginTest" time="2.536"/>
  <testcase name="verifyrememberuser" classname="com.training.testcase.LoginTest" time="5.984"/>
  <testcase name="validateloginerror" classname="com.training.testcase.LoginTest" time="1.071"/>
</testsuite>