<?xml version="1.0" encoding="UTF-8"?>
<testsuite xmlns:xsi="http://www.w3.org/2001/XMLSchema-instance" xsi:schemaLocation="https://maven.apache.org/surefire/maven-surefire-plugin/xsd/surefire-test-report.xsd" name="TestSuite" time="67.076" tests="9" errors="0" skipped="0" failures="2">
  <properties>
[...]
</properties>
  <testcase name="verifyLoginError" classname="com.training.testcase.LoginTest" time="1.995">
    <failure message="Skip execution" type="java.lang.Exception">java.lang.Exception: Skip execution
	at com.training.testcase.LoginTest.verifyLoginError(LoginTest.java:37)
</failure>
    <system-out><![CDATA[*** Test Suite Salesforce started ***
\
C:\Users\jpras\eclipse-workspace\TestNgSalesforce\properties\application.properties
*** Running test method verifyLoginError...
Directory already exists: C:\Users\jpras\eclipse-workspace\TestNgSalesforce\ExtentReport
Please enter your password.
*** Test execution verifyLoginError failed...
]]></system-out>
    <system-err><![CDATA[SLF4J(W): No SLF4J providers were found.
SLF4J(W): Defaulting to no-operation (NOP) logger implementation
SLF4J(W): See https://www.slf4j.org/codes.html#noProviders for further details.
Starting ChromeDriver 128.0.6613.137 (fe621c5aa2d6b987e964fb1b5066833da5fb613d-refs/branch-heads/6613@{#1711}) on port 19783
Only local connections are allowed.
Please see https://chromedriver.chromium.org/security-considerations for suggestions on keeping ChromeDriver safe.
ChromeDriver was started successfully on port 19783.
Sep 19, 2024 8:26:27 PM org.openqa.selenium.remote.ProtocolHandshake createSession
INFO: Detected dialect: W3C
]]></system-err>
  </testcase>
  <testcase name="verifylogintosaleforce" classname="com.training.testcase.LoginTest" time="2.463"/>
  <testcase name="verifyrememberuser" classname="com.training.testcase.LoginTest" time="5.118"/>
  <testcase name="validateloginerror" classname="com.training.testcase.LoginTest" time="0.771"/>
  <testcase name="verifycreateaccount" classname="com.training.testcase.AccountTest" time="13.694"/>
  <testcase name="verifycreatenewview" classname="com.training.testcase.AccountTest" time="7.729"/>
  <testcase name="verifyeditnewview" classname="com.training.testcase.AccountTest" time="3.815">
    <failure message="Cannot locate element with text: Akshara1&#10;For documentation on this error, please visit: https://www.seleniumhq.org/exceptions/no_such_element.html&#10;Build info: version: &apos;3.141.59&apos;, revision: &apos;e82be7d358&apos;, time: &apos;2018-11-14T08:17:03&apos;&#10;System info: host: &apos;DESKTOP-1P5CU94&apos;, ip: &apos;192.168.1.208&apos;, os.name: &apos;Windows 10&apos;, os.arch: &apos;amd64&apos;, os.version: &apos;10.0&apos;, java.version: &apos;16.0.1&apos;&#10;Driver info: driver.version: unknown" type="org.openqa.selenium.NoSuchElementException">org.openqa.selenium.NoSuchElementException: 
Cannot locate element with text: Akshara1
For documentation on this error, please visit: https://www.seleniumhq.org/exceptions/no_such_element.html
Build info: version: '3.141.59', revision: 'e82be7d358', time: '2018-11-14T08:17:03'
System info: host: 'DESKTOP-1P5CU94', ip: '192.168.1.208', os.name: 'Windows 10', os.arch: 'amd64', os.version: '10.0', java.version: '16.0.1'
Driver info: driver.version: unknown
	at com.training.testcase.AccountTest.verifyeditnewview(AccountTest.java:76)
</failure>
    <system-out><![CDATA[\
C:\Users\jpras\eclipse-workspace\TestNgSalesforce\properties\application.properties
*** Running test method verifyeditnewview...
*** Test execution verifyeditnewview failed...
]]></system-out>
  </testcase>
  <testcase name="verifylastactivity" classname="com.training.testcase.AccountTest" time="9.459"/>
  <testcase name="verifymergeaccount" classname="com.training.testcase.AccountTest" time="8.649"/>
</testsuite>