<?xml version="1.0" encoding="UTF-8"?>
<testng-results ignored="0" total="4" passed="4" failed="0" skipped="0">
  <reporter-output>
  </reporter-output>
  <suite started-at="2024-09-26T10:45:13 GMT-05:00" name="Automation" finished-at="2024-09-26T10:45:41 GMT-05:00" duration-ms="28503">
    <groups>
    </groups>
    <test started-at="2024-09-26T10:45:13 GMT-05:00" name="Salesforce" finished-at="2024-09-26T10:45:41 GMT-05:00" duration-ms="28503">
      <class name="com.training.testcase.LoginTest">
        <test-method is-config="true" signature="beforemethod()[pri:0, instance:com.training.testcase.LoginTest@2abf4075]" started-at="2024-09-26T10:45:13 GMT-05:00" name="beforemethod" finished-at="2024-09-26T10:45:18 GMT-05:00" duration-ms="5048" status="PASS">
          <reporter-output>
          </reporter-output>
        </test-method> <!-- beforemethod -->
        <test-method signature="verifyLoginError(java.lang.String)[pri:1, instance:com.training.testcase.LoginTest@2abf4075]" started-at="2024-09-26T10:45:18 GMT-05:00" name="verifyLoginError" finished-at="2024-09-26T10:45:20 GMT-05:00" duration-ms="1877" status="PASS">
          <params>
            <param index="0">
              <value>
                <![CDATA[preethi@rcb.com]]>
              </value>
            </param>
          </params>
          <reporter-output>
          </reporter-output>
        </test-method> <!-- verifyLoginError -->
        <test-method is-config="true" signature="teardown()[pri:0, instance:com.training.testcase.LoginTest@2abf4075]" started-at="2024-09-26T10:45:20 GMT-05:00" name="teardown" finished-at="2024-09-26T10:45:20 GMT-05:00" duration-ms="544" status="PASS">
          <reporter-output>
          </reporter-output>
        </test-method> <!-- teardown -->
        <test-method is-config="true" signature="beforemethod()[pri:0, instance:com.training.testcase.LoginTest@2abf4075]" started-at="2024-09-26T10:45:20 GMT-05:00" name="beforemethod" finished-at="2024-09-26T10:45:22 GMT-05:00" duration-ms="1648" status="PASS">
          <reporter-output>
          </reporter-output>
        </test-method> <!-- beforemethod -->
        <test-method signature="verifylogintosaleforce(java.lang.String,java.lang.String)[pri:2, instance:com.training.testcase.LoginTest@2abf4075]" started-at="2024-09-26T10:45:22 GMT-05:00" name="verifylogintosaleforce" finished-at="2024-09-26T10:45:25 GMT-05:00" duration-ms="2536" status="PASS">
          <params>
            <param index="0">
              <value>
                <![CDATA[preethi@rcb.com]]>
              </value>
            </param>
            <param index="1">
              <value>
                <![CDATA[Vik@s123]]>
              </value>
            </param>
          </params>
          <reporter-output>
          </reporter-output>
        </test-method> <!-- verifylogintosaleforce -->
        <test-method is-config="true" signature="teardown()[pri:0, instance:com.training.testcase.LoginTest@2abf4075]" started-at="2024-09-26T10:45:25 GMT-05:00" name="teardown" finished-at="2024-09-26T10:45:31 GMT-05:00" duration-ms="6286" status="PASS">
          <reporter-output>
          </reporter-output>
        </test-method> <!-- teardown -->
        <test-method is-config="true" signature="beforemethod()[pri:0, instance:com.training.testcase.LoginTest@2abf4075]" started-at="2024-09-26T10:45:31 GMT-05:00" name="beforemethod" finished-at="2024-09-26T10:45:32 GMT-05:00" duration-ms="1293" status="PASS">
          <reporter-output>
          </reporter-output>
        </test-method> <!-- beforemethod -->
        <test-method signature="verifyrememberuser(java.lang.String,java.lang.String)[pri:3, instance:com.training.testcase.LoginTest@2abf4075]" started-at="2024-09-26T10:45:32 GMT-05:00" name="verifyrememberuser" finished-at="2024-09-26T10:45:38 GMT-05:00" duration-ms="5984" status="PASS">
          <params>
            <param index="0">
              <value>
                <![CDATA[preethi@rcb.com]]>
              </value>
            </param>
            <param index="1">
              <value>
                <![CDATA[Vik@s123]]>
              </value>
            </param>
          </params>
          <reporter-output>
          </reporter-output>
        </test-method> <!-- verifyrememberuser -->
        <test-method is-config="true" signature="teardown()[pri:0, instance:com.training.testcase.LoginTest@2abf4075]" started-at="2024-09-26T10:45:38 GMT-05:00" name="teardown" finished-at="2024-09-26T10:45:38 GMT-05:00" duration-ms="248" status="PASS">
          <reporter-output>
          </reporter-output>
        </test-method> <!-- teardown -->
        <test-method is-config="true" signature="beforemethod()[pri:0, instance:com.training.testcase.LoginTest@2abf4075]" started-at="2024-09-26T10:45:38 GMT-05:00" name="beforemethod" finished-at="2024-09-26T10:45:40 GMT-05:00" duration-ms="1465" status="PASS">
          <reporter-output>
          </reporter-output>
        </test-method> <!-- beforemethod -->
        <test-method signature="validateloginerror()[pri:4, instance:com.training.testcase.LoginTest@2abf4075]" started-at="2024-09-26T10:45:40 GMT-05:00" name="validateloginerror" finished-at="2024-09-26T10:45:41 GMT-05:00" duration-ms="1070" status="PASS">
          <reporter-output>
          </reporter-output>
        </test-method> <!-- validateloginerror -->
        <test-method is-config="true" signature="teardown()[pri:0, instance:com.training.testcase.LoginTest@2abf4075]" started-at="2024-09-26T10:45:41 GMT-05:00" name="teardown" finished-at="2024-09-26T10:45:41 GMT-05:00" duration-ms="437" status="PASS">
          <reporter-output>
          </reporter-output>
        </test-method> <!-- teardown -->
      </class> <!-- com.training.testcase.LoginTest -->
    </test> <!-- Salesforce -->
  </suite> <!-- Automation -->
</testng-results>
