<?xml version="1.0" encoding="UTF-8"?>
<testng-results ignored="1" total="5" passed="3" failed="1" skipped="0">
  <reporter-output>
  </reporter-output>
  <suite started-at="2024-09-19T12:52:36 GMT-05:00" name="Automation" finished-at="2024-09-19T12:53:10 GMT-05:00" duration-ms="33994">
    <groups>
    </groups>
    <test started-at="2024-09-19T12:52:36 GMT-05:00" name="Salesforce" finished-at="2024-09-19T12:53:10 GMT-05:00" duration-ms="33994">
      <class name="com.training.testcase.LoginTest">
        <test-method is-config="true" signature="beforemethod()[pri:0, instance:com.training.testcase.LoginTest@316bcf94]" started-at="2024-09-19T12:52:36 GMT-05:00" name="beforemethod" finished-at="2024-09-19T12:52:40 GMT-05:00" duration-ms="4726" status="PASS">
          <reporter-output>
          </reporter-output>
        </test-method> <!-- beforemethod -->
        <test-method signature="verifyLoginError(java.lang.String)[pri:1, instance:com.training.testcase.LoginTest@316bcf94]" started-at="2024-09-19T12:52:40 GMT-05:00" name="verifyLoginError" finished-at="2024-09-19T12:52:43 GMT-05:00" duration-ms="3058" status="FAIL">
          <params>
            <param index="0">
              <value>
                <![CDATA[preethi@rcb.com]]>
              </value>
            </param>
          </params>
          <exception class="java.lang.Exception">
            <message>
              <![CDATA[Skip execution]]>
            </message>
            <full-stacktrace>
              <![CDATA[java.lang.Exception: Skip execution
at com.training.pages.LoginPage.error(LoginPage.java:85)
at com.training.testcase.LoginTest.verifyLoginError(LoginTest.java:37)
at java.base/jdk.internal.reflect.NativeMethodAccessorImpl.invoke0(Native Method)
at java.base/jdk.internal.reflect.NativeMethodAccessorImpl.invoke(NativeMethodAccessorImpl.java:78)
at java.base/jdk.internal.reflect.DelegatingMethodAccessorImpl.invoke(DelegatingMethodAccessorImpl.java:43)
at java.base/java.lang.reflect.Method.invoke(Method.java:567)
at org.testng.internal.MethodInvocationHelper.invokeMethod(MethodInvocationHelper.java:133)
at org.testng.internal.TestInvoker.invokeMethod(TestInvoker.java:598)
at org.testng.internal.TestInvoker.invokeTestMethod(TestInvoker.java:173)
at org.testng.internal.MethodRunner.runInSequence(MethodRunner.java:46)
at org.testng.internal.TestInvoker$MethodInvocationAgent.invoke(TestInvoker.java:824)
at org.testng.internal.TestInvoker.invokeTestMethods(TestInvoker.java:146)
at org.testng.internal.TestMethodWorker.invokeTestMethods(TestMethodWorker.java:146)
at org.testng.internal.TestMethodWorker.run(TestMethodWorker.java:128)
at java.base/java.util.ArrayList.forEach(ArrayList.java:1511)
at org.testng.TestRunner.privateRun(TestRunner.java:794)
at org.testng.TestRunner.run(TestRunner.java:596)
at org.testng.SuiteRunner.runTest(SuiteRunner.java:377)
at org.testng.SuiteRunner.runSequentially(SuiteRunner.java:371)
at org.testng.SuiteRunner.privateRun(SuiteRunner.java:332)
at org.testng.SuiteRunner.run(SuiteRunner.java:276)
at org.testng.SuiteRunnerWorker.runSuite(SuiteRunnerWorker.java:53)
at org.testng.SuiteRunnerWorker.run(SuiteRunnerWorker.java:96)
at org.testng.TestNG.runSuitesSequentially(TestNG.java:1212)
at org.testng.TestNG.runSuitesLocally(TestNG.java:1134)
at org.testng.TestNG.runSuites(TestNG.java:1063)
at org.testng.TestNG.run(TestNG.java:1031)
at org.testng.remote.AbstractRemoteTestNG.run(AbstractRemoteTestNG.java:115)
at org.testng.remote.RemoteTestNG.initAndRun(RemoteTestNG.java:293)
at org.testng.remote.RemoteTestNG.main(RemoteTestNG.java:91)
]]>
            </full-stacktrace>
          </exception> <!-- java.lang.Exception -->
          <reporter-output>
          </reporter-output>
        </test-method> <!-- verifyLoginError -->
        <test-method is-config="true" signature="teardown()[pri:0, instance:com.training.testcase.LoginTest@316bcf94]" started-at="2024-09-19T12:52:43 GMT-05:00" name="teardown" finished-at="2024-09-19T12:52:44 GMT-05:00" duration-ms="504" status="PASS">
          <reporter-output>
          </reporter-output>
        </test-method> <!-- teardown -->
        <test-method is-config="true" signature="beforemethod()[pri:0, instance:com.training.testcase.LoginTest@316bcf94]" started-at="2024-09-19T12:52:44 GMT-05:00" name="beforemethod" finished-at="2024-09-19T12:52:46 GMT-05:00" duration-ms="2037" status="PASS">
          <reporter-output>
          </reporter-output>
        </test-method> <!-- beforemethod -->
        <test-method signature="verifylogintosaleforce(java.lang.String,java.lang.String)[pri:2, instance:com.training.testcase.LoginTest@316bcf94]" started-at="2024-09-19T12:52:46 GMT-05:00" name="verifylogintosaleforce" finished-at="2024-09-19T12:52:50 GMT-05:00" duration-ms="3883" status="PASS">
          <params>
            <param index="0">
              <value>
                <![CDATA[preethi@rcb.com]]>
              </value>
            </param>
            <param index="1">
              <value>
                <![CDATA[Vik@s123]]>
              </value>
            </param>
          </params>
          <reporter-output>
          </reporter-output>
        </test-method> <!-- verifylogintosaleforce -->
        <test-method is-config="true" signature="teardown()[pri:0, instance:com.training.testcase.LoginTest@316bcf94]" started-at="2024-09-19T12:52:50 GMT-05:00" name="teardown" finished-at="2024-09-19T12:52:53 GMT-05:00" duration-ms="3505" status="PASS">
          <reporter-output>
          </reporter-output>
        </test-method> <!-- teardown -->
        <test-method is-config="true" signature="beforemethod()[pri:0, instance:com.training.testcase.LoginTest@316bcf94]" started-at="2024-09-19T12:52:53 GMT-05:00" name="beforemethod" finished-at="2024-09-19T12:52:55 GMT-05:00" duration-ms="1597" status="PASS">
          <reporter-output>
          </reporter-output>
        </test-method> <!-- beforemethod -->
        <test-method signature="verifyrememberuser(java.lang.String,java.lang.String)[pri:3, instance:com.training.testcase.LoginTest@316bcf94]" started-at="2024-09-19T12:52:55 GMT-05:00" name="verifyrememberuser" finished-at="2024-09-19T12:53:04 GMT-05:00" duration-ms="9204" status="PASS">
          <params>
            <param index="0">
              <value>
                <![CDATA[preethi@rcb.com]]>
              </value>
            </param>
            <param index="1">
              <value>
                <![CDATA[Vik@s123]]>
              </value>
            </param>
          </params>
          <reporter-output>
          </reporter-output>
        </test-method> <!-- verifyrememberuser -->
        <test-method is-config="true" signature="teardown()[pri:0, instance:com.training.testcase.LoginTest@316bcf94]" started-at="2024-09-19T12:53:04 GMT-05:00" name="teardown" finished-at="2024-09-19T12:53:05 GMT-05:00" duration-ms="399" status="PASS">
          <reporter-output>
          </reporter-output>
        </test-method> <!-- teardown -->
        <test-method is-config="true" signature="beforemethod()[pri:0, instance:com.training.testcase.LoginTest@316bcf94]" started-at="2024-09-19T12:53:05 GMT-05:00" name="beforemethod" finished-at="2024-09-19T12:53:06 GMT-05:00" duration-ms="1857" status="PASS">
          <reporter-output>
          </reporter-output>
        </test-method> <!-- beforemethod -->
        <test-method signature="validateloginerror()[pri:4, instance:com.training.testcase.LoginTest@316bcf94]" started-at="2024-09-19T12:53:06 GMT-05:00" name="validateloginerror" finished-at="2024-09-19T12:53:09 GMT-05:00" duration-ms="2553" status="PASS">
          <reporter-output>
          </reporter-output>
        </test-method> <!-- validateloginerror -->
        <test-method is-config="true" signature="teardown()[pri:0, instance:com.training.testcase.LoginTest@316bcf94]" started-at="2024-09-19T12:53:09 GMT-05:00" name="teardown" finished-at="2024-09-19T12:53:10 GMT-05:00" duration-ms="580" status="PASS">
          <reporter-output>
          </reporter-output>
        </test-method> <!-- teardown -->
      </class> <!-- com.training.testcase.LoginTest -->
    </test> <!-- Salesforce -->
  </suite> <!-- Automation -->
</testng-results>
