<?xml version="1.0" encoding="UTF-8"?>
<!-- Generated by org.testng.reporters.JUnitXMLReporter -->
<testsuite ignored="1" hostname="DESKTOP-1P5CU94" failures="0" tests="4" name="Salesforce" time="28.503" errors="0" timestamp="2024-09-26T10:45:41 GMT-05:00">
  <testcase classname="com.training.testcase.LoginTest" name="verifyLoginError" time="1.877"/>
  <testcase classname="com.training.testcase.LoginTest" name="verifylogintosaleforce" time="2.536"/>
  <testcase classname="com.training.testcase.LoginTest" name="verifyrememberuser" time="5.984"/>
  <testcase classname="com.training.testcase.LoginTest" name="validateloginerror" time="1.07"/>
  <testcase classname="com.training.testcase.LoginTest" name="Testforgetpassword" time="0.0">
    <ignored/>
  </testcase> <!-- Testforgetpassword -->
</testsuite> <!-- Salesforce -->
