<?xml version="1.0" encoding="UTF-8"?>
<!-- Generated by org.testng.reporters.JUnitXMLReporter -->
<testsuite ignored="1" hostname="DESKTOP-1P5CU94" failures="1" tests="4" name="Salesforce" time="34.71" errors="0" timestamp="2024-09-20T10:57:02 GMT-05:00">
  <testcase classname="com.training.testcase.LoginTest" name="verifyLoginError" time="3.608">
    <failure type="java.lang.Exception" message="Skip execution">
      <![CDATA[java.lang.Exception: Skip execution
at com.training.pages.LoginPage.error(LoginPage.java:85)
at com.training.testcase.LoginTest.verifyLoginError(LoginTest.java:37)
at java.base/java.util.ArrayList.forEach(ArrayList.java:1511)
... Removed 30 stack frames]]>
    </failure>
  </testcase> <!-- verifyLoginError -->
  <testcase classname="com.training.testcase.LoginTest" name="verifylogintosaleforce" time="4.143"/>
  <testcase classname="com.training.testcase.LoginTest" name="verifyrememberuser" time="8.34"/>
  <testcase classname="com.training.testcase.LoginTest" name="validateloginerror" time="2.492"/>
  <testcase classname="com.training.testcase.LoginTest" name="Testforgetpassword" time="0.0">
    <ignored/>
  </testcase> <!-- Testforgetpassword -->
</testsuite> <!-- Salesforce -->
